2024-10-27 22:38:51,290 [INFO] Starting URL Shortener Service
2024-10-27 22:38:53,235 [INFO] select pg_catalog.version()
2024-10-27 22:38:53,236 [INFO] [raw sql] ()
2024-10-27 22:38:53,241 [INFO] select current_schema()
2024-10-27 22:38:53,242 [INFO] [raw sql] ()
2024-10-27 22:38:53,244 [INFO] show standard_conforming_strings
2024-10-27 22:38:53,244 [INFO] [raw sql] ()
2024-10-27 22:38:53,247 [INFO] BEGIN (implicit)
2024-10-27 22:38:53,248 [INFO] COMMIT
2024-10-27 22:38:53,249 [INFO] Database initialized successfully.
2024-10-27 22:51:06,435 [INFO] Starting URL Shortener Service
2024-10-27 22:51:08,592 [INFO] select pg_catalog.version()
2024-10-27 22:51:08,592 [INFO] [raw sql] ()
2024-10-27 22:51:08,594 [INFO] select current_schema()
2024-10-27 22:51:08,595 [INFO] [raw sql] ()
2024-10-27 22:51:08,597 [INFO] show standard_conforming_strings
2024-10-27 22:51:08,597 [INFO] [raw sql] ()
2024-10-27 22:51:08,599 [INFO] BEGIN (implicit)
2024-10-27 22:51:08,600 [INFO] COMMIT
2024-10-27 22:51:08,600 [INFO] Database initialized successfully.
2024-10-27 22:55:24,239 [INFO] BEGIN (implicit)
2024-10-27 22:55:24,599 [INFO] SELECT url_shortener.users.id, url_shortener.users.username, url_shortener.users.email, url_shortener.users.hashed_password, url_shortener.users.created_at 
FROM url_shortener.users 
WHERE url_shortener.users.username = $1::VARCHAR
2024-10-27 22:55:24,602 [INFO] [generated in 0.00265s] ('testuser',)
2024-10-27 22:55:24,666 [INFO] ROLLBACK
2024-10-27 22:55:24,670 [WARNING] (trapped) error reading bcrypt version
Traceback (most recent call last):
  File "D:\knowledgeTransfer\Backend-Test\new_env\Lib\site-packages\passlib\handlers\bcrypt.py", line 620, in _load_backend_mixin
    version = _bcrypt.__about__.__version__
              ^^^^^^^^^^^^^^^^^
AttributeError: module 'bcrypt' has no attribute '__about__'
2024-10-27 22:55:44,305 [INFO] BEGIN (implicit)
2024-10-27 22:55:44,306 [INFO] SELECT url_shortener.users.id, url_shortener.users.username, url_shortener.users.email, url_shortener.users.hashed_password, url_shortener.users.created_at 
FROM url_shortener.users 
WHERE url_shortener.users.username = $1::VARCHAR
2024-10-27 22:55:44,307 [INFO] [cached since 19.71s ago] ('testuser',)
2024-10-27 22:55:44,308 [INFO] ROLLBACK
2024-10-27 22:55:44,311 [INFO] BEGIN (implicit)
2024-10-27 22:55:44,314 [INFO] SELECT url_shortener.all_urls.id, url_shortener.all_urls.original_url, url_shortener.all_urls.slug_url, url_shortener.all_urls.created_at, url_shortener.all_urls.expires_at, url_shortener.all_urls.owner_id 
FROM url_shortener.all_urls 
WHERE url_shortener.all_urls.original_url = $1::VARCHAR
2024-10-27 22:55:44,315 [INFO] [generated in 0.00106s] ('https://www.google.com/search?q=important+sql+queries+for+interview&rlz=1C1CHBF_enIN1100IN1100&oq=important+sql+queries+for+interview&gs_lcrp=EgZjaHJ ... (27 characters truncated) ... iABDINCAIQABiGAxiABBiKBTINCAMQABiGAxiABBiKBTINCAQQABiGAxiABBiKBTINCAUQABiGAxiABBiKBTIKCAYQABiABBiiBNIBCTExNTM2ajBqN6gCCLACAQ&sourceid=chrome&ie=UTF-8',)
2024-10-27 22:55:44,319 [INFO] ROLLBACK
2024-10-27 22:55:44,321 [INFO] BEGIN (implicit)
2024-10-27 22:55:44,323 [INFO] SELECT url_shortener.all_urls.id, url_shortener.all_urls.original_url, url_shortener.all_urls.slug_url, url_shortener.all_urls.created_at, url_shortener.all_urls.expires_at, url_shortener.all_urls.owner_id 
FROM url_shortener.all_urls 
WHERE url_shortener.all_urls.slug_url = $1::VARCHAR
2024-10-27 22:55:44,323 [INFO] [generated in 0.00080s] ('tyghTREGH789675',)
2024-10-27 22:55:44,325 [INFO] ROLLBACK
2024-10-27 22:55:44,327 [INFO] BEGIN (implicit)
2024-10-27 22:55:44,328 [INFO] SELECT url_shortener.all_urls.id, url_shortener.all_urls.original_url, url_shortener.all_urls.slug_url, url_shortener.all_urls.created_at, url_shortener.all_urls.expires_at, url_shortener.all_urls.owner_id 
FROM url_shortener.all_urls 
WHERE url_shortener.all_urls.slug_url = $1::VARCHAR
2024-10-27 22:55:44,329 [INFO] [cached since 0.006032s ago] ('tyghTREGH789675',)
2024-10-27 22:55:44,330 [INFO] ROLLBACK
2024-10-27 22:55:44,332 [INFO] BEGIN (implicit)
2024-10-27 22:55:44,337 [INFO] INSERT INTO url_shortener.all_urls (original_url, slug_url, created_at, expires_at, owner_id) VALUES ($1::VARCHAR, $2::VARCHAR, $3::TIMESTAMP WITHOUT TIME ZONE, $4::TIMESTAMP WITHOUT TIME ZONE, $5::INTEGER) RETURNING url_shortener.all_urls.id
2024-10-27 22:55:44,338 [INFO] [generated in 0.00093s] ('https://www.google.com/search?q=important+sql+queries+for+interview&rlz=1C1CHBF_enIN1100IN1100&oq=important+sql+queries+for+interview&gs_lcrp=EgZjaHJ ... (27 characters truncated) ... iABDINCAIQABiGAxiABBiKBTINCAMQABiGAxiABBiKBTINCAQQABiGAxiABBiKBTINCAUQABiGAxiABBiKBTIKCAYQABiABBiiBNIBCTExNTM2ajBqN6gCCLACAQ&sourceid=chrome&ie=UTF-8', 'tyghTREGH789675', datetime.datetime(2024, 10, 27, 17, 25, 44, 337632), datetime.datetime(2024, 10, 27, 18, 25, 44, 331631), 5)
2024-10-27 22:55:44,355 [INFO] COMMIT
2024-10-27 22:55:44,358 [INFO] Short URL created for https://www.google.com/search?q=important+sql+queries+for+interview&rlz=1C1CHBF_enIN1100IN1100&oq=important+sql+queries+for+interview&gs_lcrp=EgZjaHJvbWUyCQgAEEUYORiABDIHCAEQABiABDINCAIQABiGAxiABBiKBTINCAMQABiGAxiABBiKBTINCAQQABiGAxiABBiKBTINCAUQABiGAxiABBiKBTIKCAYQABiABBiiBNIBCTExNTM2ajBqN6gCCLACAQ&sourceid=chrome&ie=UTF-8 as tyghTREGH789675 (Custom: True)
2024-10-27 22:55:50,190 [INFO] Received request for short_url: tyghTREGH789675
2024-10-27 22:55:50,192 [INFO] BEGIN (implicit)
2024-10-27 22:55:50,193 [INFO] SELECT url_shortener.all_urls.id, url_shortener.all_urls.original_url, url_shortener.all_urls.slug_url, url_shortener.all_urls.created_at, url_shortener.all_urls.expires_at, url_shortener.all_urls.owner_id 
FROM url_shortener.all_urls 
WHERE url_shortener.all_urls.slug_url = $1::VARCHAR
2024-10-27 22:55:50,193 [INFO] [cached since 5.871s ago] ('tyghTREGH789675',)
2024-10-27 22:55:50,195 [INFO] Original URL retrieved for tyghTREGH789675: https://www.google.com/search?q=important+sql+queries+for+interview&rlz=1C1CHBF_enIN1100IN1100&oq=important+sql+queries+for+interview&gs_lcrp=EgZjaHJvbWUyCQgAEEUYORiABDIHCAEQABiABDINCAIQABiGAxiABBiKBTINCAMQABiGAxiABBiKBTINCAQQABiGAxiABBiKBTINCAUQABiGAxiABBiKBTIKCAYQABiABBiiBNIBCTExNTM2ajBqN6gCCLACAQ&sourceid=chrome&ie=UTF-8
2024-10-27 22:55:50,196 [INFO] ROLLBACK
2024-10-27 22:55:50,197 [INFO] BEGIN (implicit)
2024-10-27 22:55:50,198 [INFO] SELECT url_shortener.all_urls.id, url_shortener.all_urls.original_url, url_shortener.all_urls.slug_url, url_shortener.all_urls.created_at, url_shortener.all_urls.expires_at, url_shortener.all_urls.owner_id 
FROM url_shortener.all_urls 
WHERE url_shortener.all_urls.slug_url = $1::VARCHAR
2024-10-27 22:55:50,199 [INFO] [cached since 5.876s ago] ('tyghTREGH789675',)
2024-10-27 22:55:50,201 [INFO] ROLLBACK
2024-10-27 22:55:50,204 [INFO] BEGIN (implicit)
2024-10-27 22:55:50,206 [INFO] INSERT INTO url_shortener.url_tracking (url_id, access_time) VALUES ($1::INTEGER, $2::TIMESTAMP WITHOUT TIME ZONE) RETURNING url_shortener.url_tracking.id
2024-10-27 22:55:50,207 [INFO] [generated in 0.00074s] (13, datetime.datetime(2024, 10, 27, 17, 25, 50, 206416))
2024-10-27 22:55:50,211 [INFO] COMMIT
2024-10-27 22:55:50,213 [INFO] Tracking entry created for URL ID: 13 at 2024-10-27 17:25:50.212675
2024-10-27 22:55:50,214 [INFO] BEGIN (implicit)
2024-10-27 22:55:50,214 [INFO] SELECT url_shortener.all_urls.id, url_shortener.all_urls.original_url, url_shortener.all_urls.slug_url, url_shortener.all_urls.created_at, url_shortener.all_urls.expires_at, url_shortener.all_urls.owner_id 
FROM url_shortener.all_urls 
WHERE url_shortener.all_urls.slug_url = $1::VARCHAR
2024-10-27 22:55:50,216 [INFO] [cached since 5.893s ago] ('tyghTREGH789675',)
2024-10-27 22:55:50,217 [INFO] ROLLBACK
2024-10-27 22:56:34,616 [INFO] BEGIN (implicit)
2024-10-27 22:56:34,616 [INFO] SELECT url_shortener.users.id, url_shortener.users.username, url_shortener.users.email, url_shortener.users.hashed_password, url_shortener.users.created_at 
FROM url_shortener.users 
WHERE url_shortener.users.username = $1::VARCHAR
2024-10-27 22:56:34,617 [INFO] [cached since 70.02s ago] ('testuser',)
2024-10-27 22:56:34,619 [INFO] ROLLBACK
2024-10-27 22:56:34,620 [INFO] BEGIN (implicit)
2024-10-27 22:56:34,621 [INFO] SELECT url_shortener.all_urls.id, url_shortener.all_urls.original_url, url_shortener.all_urls.slug_url, url_shortener.all_urls.created_at, url_shortener.all_urls.expires_at, url_shortener.all_urls.owner_id 
FROM url_shortener.all_urls 
WHERE url_shortener.all_urls.original_url = $1::VARCHAR
2024-10-27 22:56:34,623 [INFO] [cached since 50.31s ago] ('https://github.com/ReevvResearch/Backend-Test',)
2024-10-27 22:56:34,624 [INFO] ROLLBACK
2024-10-27 22:56:34,625 [INFO] BEGIN (implicit)
2024-10-27 22:56:34,626 [INFO] SELECT url_shortener.all_urls.id, url_shortener.all_urls.original_url, url_shortener.all_urls.slug_url, url_shortener.all_urls.created_at, url_shortener.all_urls.expires_at, url_shortener.all_urls.owner_id 
FROM url_shortener.all_urls 
WHERE url_shortener.all_urls.slug_url = $1::VARCHAR
2024-10-27 22:56:34,626 [INFO] [cached since 50.3s ago] ('fngr658325ty',)
2024-10-27 22:56:34,628 [INFO] ROLLBACK
2024-10-27 22:56:34,630 [INFO] BEGIN (implicit)
2024-10-27 22:56:34,631 [INFO] SELECT url_shortener.all_urls.id, url_shortener.all_urls.original_url, url_shortener.all_urls.slug_url, url_shortener.all_urls.created_at, url_shortener.all_urls.expires_at, url_shortener.all_urls.owner_id 
FROM url_shortener.all_urls 
WHERE url_shortener.all_urls.slug_url = $1::VARCHAR
2024-10-27 22:56:34,632 [INFO] [cached since 50.31s ago] ('fngr658325ty',)
2024-10-27 22:56:34,633 [INFO] ROLLBACK
2024-10-27 22:56:34,634 [INFO] BEGIN (implicit)
2024-10-27 22:56:34,635 [INFO] INSERT INTO url_shortener.all_urls (original_url, slug_url, created_at, expires_at, owner_id) VALUES ($1::VARCHAR, $2::VARCHAR, $3::TIMESTAMP WITHOUT TIME ZONE, $4::TIMESTAMP WITHOUT TIME ZONE, $5::INTEGER) RETURNING url_shortener.all_urls.id
2024-10-27 22:56:34,635 [INFO] [cached since 50.3s ago] ('https://github.com/ReevvResearch/Backend-Test', 'fngr658325ty', datetime.datetime(2024, 10, 27, 17, 26, 34, 634548), datetime.datetime(2024, 10, 27, 18, 26, 34, 634548), 5)
2024-10-27 22:56:34,637 [INFO] COMMIT
2024-10-27 22:56:34,638 [INFO] Short URL created for https://github.com/ReevvResearch/Backend-Test as fngr658325ty (Custom: True)
2024-10-27 22:56:41,556 [INFO] Received request for short_url: fngr658325ty
2024-10-27 22:56:41,556 [INFO] BEGIN (implicit)
2024-10-27 22:56:41,557 [INFO] SELECT url_shortener.all_urls.id, url_shortener.all_urls.original_url, url_shortener.all_urls.slug_url, url_shortener.all_urls.created_at, url_shortener.all_urls.expires_at, url_shortener.all_urls.owner_id 
FROM url_shortener.all_urls 
WHERE url_shortener.all_urls.slug_url = $1::VARCHAR
2024-10-27 22:56:41,558 [INFO] [cached since 57.24s ago] ('fngr658325ty',)
2024-10-27 22:56:41,560 [INFO] Original URL retrieved for fngr658325ty: https://github.com/ReevvResearch/Backend-Test
2024-10-27 22:56:41,560 [INFO] ROLLBACK
2024-10-27 22:56:41,561 [INFO] BEGIN (implicit)
2024-10-27 22:56:41,562 [INFO] SELECT url_shortener.all_urls.id, url_shortener.all_urls.original_url, url_shortener.all_urls.slug_url, url_shortener.all_urls.created_at, url_shortener.all_urls.expires_at, url_shortener.all_urls.owner_id 
FROM url_shortener.all_urls 
WHERE url_shortener.all_urls.slug_url = $1::VARCHAR
2024-10-27 22:56:41,564 [INFO] [cached since 57.24s ago] ('fngr658325ty',)
2024-10-27 22:56:41,566 [INFO] ROLLBACK
2024-10-27 22:56:41,567 [INFO] BEGIN (implicit)
2024-10-27 22:56:41,568 [INFO] INSERT INTO url_shortener.url_tracking (url_id, access_time) VALUES ($1::INTEGER, $2::TIMESTAMP WITHOUT TIME ZONE) RETURNING url_shortener.url_tracking.id
2024-10-27 22:56:41,568 [INFO] [cached since 51.36s ago] (14, datetime.datetime(2024, 10, 27, 17, 26, 41, 568370))
2024-10-27 22:56:41,570 [INFO] COMMIT
2024-10-27 22:56:41,598 [INFO] Tracking entry created for URL ID: 14 at 2024-10-27 17:26:41.598607
2024-10-27 22:56:41,599 [INFO] BEGIN (implicit)
2024-10-27 22:56:41,599 [INFO] SELECT url_shortener.all_urls.id, url_shortener.all_urls.original_url, url_shortener.all_urls.slug_url, url_shortener.all_urls.created_at, url_shortener.all_urls.expires_at, url_shortener.all_urls.owner_id 
FROM url_shortener.all_urls 
WHERE url_shortener.all_urls.slug_url = $1::VARCHAR
2024-10-27 22:56:41,608 [INFO] [cached since 57.29s ago] ('fngr658325ty',)
2024-10-27 22:56:41,609 [INFO] ROLLBACK
2024-10-27 22:57:30,495 [INFO] BEGIN (implicit)
2024-10-27 22:57:30,496 [INFO] SELECT url_shortener.users.id, url_shortener.users.username, url_shortener.users.email, url_shortener.users.hashed_password, url_shortener.users.created_at 
FROM url_shortener.users 
WHERE url_shortener.users.username = $1::VARCHAR
2024-10-27 22:57:30,497 [INFO] [cached since 125.9s ago] ('testuser',)
2024-10-27 22:57:30,498 [INFO] ROLLBACK
2024-10-27 22:57:30,500 [INFO] BEGIN (implicit)
2024-10-27 22:57:30,500 [INFO] SELECT url_shortener.all_urls.id, url_shortener.all_urls.original_url, url_shortener.all_urls.slug_url, url_shortener.all_urls.created_at, url_shortener.all_urls.expires_at, url_shortener.all_urls.owner_id 
FROM url_shortener.all_urls 
WHERE url_shortener.all_urls.original_url = $1::VARCHAR
2024-10-27 22:57:30,501 [INFO] [cached since 106.2s ago] ('https://www.youtube.com/',)
2024-10-27 22:57:30,502 [INFO] ROLLBACK
2024-10-27 22:57:30,504 [INFO] BEGIN (implicit)
2024-10-27 22:57:30,504 [INFO] SELECT url_shortener.all_urls.id, url_shortener.all_urls.original_url, url_shortener.all_urls.slug_url, url_shortener.all_urls.created_at, url_shortener.all_urls.expires_at, url_shortener.all_urls.owner_id 
FROM url_shortener.all_urls 
WHERE url_shortener.all_urls.slug_url = $1::VARCHAR
2024-10-27 22:57:30,506 [INFO] [cached since 106.2s ago] ('fd254gf65',)
2024-10-27 22:57:30,508 [INFO] ROLLBACK
2024-10-27 22:57:30,509 [INFO] BEGIN (implicit)
2024-10-27 22:57:30,510 [INFO] SELECT url_shortener.all_urls.id, url_shortener.all_urls.original_url, url_shortener.all_urls.slug_url, url_shortener.all_urls.created_at, url_shortener.all_urls.expires_at, url_shortener.all_urls.owner_id 
FROM url_shortener.all_urls 
WHERE url_shortener.all_urls.slug_url = $1::VARCHAR
2024-10-27 22:57:30,510 [INFO] [cached since 106.2s ago] ('fd254gf65',)
2024-10-27 22:57:30,512 [INFO] ROLLBACK
2024-10-27 22:57:30,513 [INFO] BEGIN (implicit)
2024-10-27 22:57:30,513 [INFO] INSERT INTO url_shortener.all_urls (original_url, slug_url, created_at, expires_at, owner_id) VALUES ($1::VARCHAR, $2::VARCHAR, $3::TIMESTAMP WITHOUT TIME ZONE, $4::TIMESTAMP WITHOUT TIME ZONE, $5::INTEGER) RETURNING url_shortener.all_urls.id
2024-10-27 22:57:30,514 [INFO] [cached since 106.2s ago] ('https://www.youtube.com/', 'fd254gf65', datetime.datetime(2024, 10, 27, 17, 27, 30, 513048), datetime.datetime(2024, 10, 27, 18, 27, 30, 513048), 5)
2024-10-27 22:57:30,515 [INFO] COMMIT
2024-10-27 22:57:30,516 [INFO] Short URL created for https://www.youtube.com/ as fd254gf65 (Custom: True)
2024-10-27 22:57:37,634 [INFO] Received request for short_url: fd254gf65
2024-10-27 22:57:37,634 [INFO] BEGIN (implicit)
2024-10-27 22:57:37,635 [INFO] SELECT url_shortener.all_urls.id, url_shortener.all_urls.original_url, url_shortener.all_urls.slug_url, url_shortener.all_urls.created_at, url_shortener.all_urls.expires_at, url_shortener.all_urls.owner_id 
FROM url_shortener.all_urls 
WHERE url_shortener.all_urls.slug_url = $1::VARCHAR
2024-10-27 22:57:37,636 [INFO] [cached since 113.3s ago] ('fd254gf65',)
2024-10-27 22:57:37,637 [INFO] Original URL retrieved for fd254gf65: https://www.youtube.com/
2024-10-27 22:57:37,637 [INFO] ROLLBACK
2024-10-27 22:57:37,639 [INFO] BEGIN (implicit)
2024-10-27 22:57:37,640 [INFO] SELECT url_shortener.all_urls.id, url_shortener.all_urls.original_url, url_shortener.all_urls.slug_url, url_shortener.all_urls.created_at, url_shortener.all_urls.expires_at, url_shortener.all_urls.owner_id 
FROM url_shortener.all_urls 
WHERE url_shortener.all_urls.slug_url = $1::VARCHAR
2024-10-27 22:57:37,641 [INFO] [cached since 113.3s ago] ('fd254gf65',)
2024-10-27 22:57:37,643 [INFO] ROLLBACK
2024-10-27 22:57:37,644 [INFO] BEGIN (implicit)
2024-10-27 22:57:37,645 [INFO] INSERT INTO url_shortener.url_tracking (url_id, access_time) VALUES ($1::INTEGER, $2::TIMESTAMP WITHOUT TIME ZONE) RETURNING url_shortener.url_tracking.id
2024-10-27 22:57:37,646 [INFO] [cached since 107.4s ago] (15, datetime.datetime(2024, 10, 27, 17, 27, 37, 645116))
2024-10-27 22:57:37,648 [INFO] COMMIT
2024-10-27 22:57:37,649 [INFO] Tracking entry created for URL ID: 15 at 2024-10-27 17:27:37.649113
2024-10-27 22:57:37,649 [INFO] BEGIN (implicit)
2024-10-27 22:57:37,650 [INFO] SELECT url_shortener.all_urls.id, url_shortener.all_urls.original_url, url_shortener.all_urls.slug_url, url_shortener.all_urls.created_at, url_shortener.all_urls.expires_at, url_shortener.all_urls.owner_id 
FROM url_shortener.all_urls 
WHERE url_shortener.all_urls.slug_url = $1::VARCHAR
2024-10-27 22:57:37,651 [INFO] [cached since 113.3s ago] ('fd254gf65',)
2024-10-27 22:57:37,653 [INFO] ROLLBACK
